nohup: ignoring input

  .   ____          _            __ _ _
 /\\ / ___'_ __ _ _(_)_ __  __ _ \ \ \ \
( ( )\___ | '_ | '_| | '_ \/ _` | \ \ \ \
 \\/  ___)| |_)| | | | | || (_| |  ) ) ) )
  '  |____| .__|_| |_|_| |_\__, | / / / /
 =========|_|==============|___/=/_/_/_/

 :: Spring Boot ::                (v3.5.7)

2025-12-01T21:13:47.584+01:00  INFO 13965 --- [MySpringBoot] [           main] c.s.m.MySpringBootApplication            : Starting MySpringBootApplication v0.0.1-SNAPSHOT using Java 21 with PID 13965 (/home/oleh/src/java/MySpringBoot/target/my-spring-boot-0.0.1-SNAPSHOT.jar started by oleh in /home/oleh/src/java/MySpringBoot)
2025-12-01T21:13:47.588+01:00  INFO 13965 --- [MySpringBoot] [           main] c.s.m.MySpringBootApplication            : No active profile set, falling back to 1 default profile: "default"
2025-12-01T21:13:48.723+01:00  INFO 13965 --- [MySpringBoot] [           main] .s.d.r.c.RepositoryConfigurationDelegate : Bootstrapping Spring Data JPA repositories in DEFAULT mode.
2025-12-01T21:13:48.776+01:00  INFO 13965 --- [MySpringBoot] [           main] .s.d.r.c.RepositoryConfigurationDelegate : Finished Spring Data repository scanning in 44 ms. Found 1 JPA repository interface.
2025-12-01T21:13:49.425+01:00  INFO 13965 --- [MySpringBoot] [           main] o.s.b.w.embedded.tomcat.TomcatWebServer  : Tomcat initialized with port 8080 (http)
2025-12-01T21:13:49.447+01:00  INFO 13965 --- [MySpringBoot] [           main] o.apache.catalina.core.StandardService   : Starting service [Tomcat]
2025-12-01T21:13:49.448+01:00  INFO 13965 --- [MySpringBoot] [           main] o.apache.catalina.core.StandardEngine    : Starting Servlet engine: [Apache Tomcat/10.1.48]
2025-12-01T21:13:49.485+01:00  INFO 13965 --- [MySpringBoot] [           main] o.a.c.c.C.[Tomcat].[localhost].[/]       : Initializing Spring embedded WebApplicationContext
2025-12-01T21:13:49.487+01:00  INFO 13965 --- [MySpringBoot] [           main] w.s.c.ServletWebServerApplicationContext : Root WebApplicationContext: initialization completed in 1593 ms
2025-12-01T21:13:49.752+01:00  INFO 13965 --- [MySpringBoot] [           main] o.hibernate.jpa.internal.util.LogHelper  : HHH000204: Processing PersistenceUnitInfo [name: default]
2025-12-01T21:13:49.804+01:00  INFO 13965 --- [MySpringBoot] [           main] org.hibernate.Version                    : HHH000412: Hibernate ORM core version 6.6.33.Final
2025-12-01T21:13:49.846+01:00  INFO 13965 --- [MySpringBoot] [           main] o.h.c.internal.RegionFactoryInitiator    : HHH000026: Second-level cache disabled
2025-12-01T21:13:50.140+01:00  INFO 13965 --- [MySpringBoot] [           main] o.s.o.j.p.SpringPersistenceUnitInfo      : No LoadTimeWeaver setup: ignoring JPA class transformer
2025-12-01T21:13:50.172+01:00  INFO 13965 --- [MySpringBoot] [           main] com.zaxxer.hikari.HikariDataSource       : HikariPool-1 - Starting...
2025-12-01T21:13:50.358+01:00  INFO 13965 --- [MySpringBoot] [           main] com.zaxxer.hikari.pool.HikariPool        : HikariPool-1 - Added connection conn0: url=jdbc:h2:mem:testdb user=SA
2025-12-01T21:13:50.361+01:00  INFO 13965 --- [MySpringBoot] [           main] com.zaxxer.hikari.HikariDataSource       : HikariPool-1 - Start completed.
2025-12-01T21:13:50.389+01:00  WARN 13965 --- [MySpringBoot] [           main] org.hibernate.orm.deprecation            : HHH90000025: H2Dialect does not need to be specified explicitly using 'hibernate.dialect' (remove the property setting and it will be selected by default)
2025-12-01T21:13:50.414+01:00  INFO 13965 --- [MySpringBoot] [           main] org.hibernate.orm.connections.pooling    : HHH10001005: Database info:
	Database JDBC URL [Connecting through datasource 'HikariDataSource (HikariPool-1)']
	Database driver: undefined/unknown
	Database version: 2.3.232
	Autocommit mode: undefined/unknown
	Isolation level: undefined/unknown
	Minimum pool size: undefined/unknown
	Maximum pool size: undefined/unknown
2025-12-01T21:13:51.195+01:00  INFO 13965 --- [MySpringBoot] [           main] o.h.e.t.j.p.i.JtaPlatformInitiator       : HHH000489: No JTA platform available (set 'hibernate.transaction.jta.platform' to enable JTA platform integration)
2025-12-01T21:13:51.241+01:00 DEBUG 13965 --- [MySpringBoot] [           main] org.hibernate.SQL                        : create table users (id bigint generated by default as identity, email varchar(255) not null, first_name varchar(50) not null, last_name varchar(50) not null, password varchar(255) not null, reset_token varchar(255), reset_token_expiry bigint, primary key (id))
Hibernate: create table users (id bigint generated by default as identity, email varchar(255) not null, first_name varchar(50) not null, last_name varchar(50) not null, password varchar(255) not null, reset_token varchar(255), reset_token_expiry bigint, primary key (id))
2025-12-01T21:13:51.250+01:00 DEBUG 13965 --- [MySpringBoot] [           main] org.hibernate.SQL                        : alter table if exists users drop constraint if exists UK6dotkott2kjsp8vw4d0m25fb7
Hibernate: alter table if exists users drop constraint if exists UK6dotkott2kjsp8vw4d0m25fb7
2025-12-01T21:13:51.251+01:00 DEBUG 13965 --- [MySpringBoot] [           main] org.hibernate.SQL                        : alter table if exists users add constraint UK6dotkott2kjsp8vw4d0m25fb7 unique (email)
Hibernate: alter table if exists users add constraint UK6dotkott2kjsp8vw4d0m25fb7 unique (email)
2025-12-01T21:13:51.255+01:00  INFO 13965 --- [MySpringBoot] [           main] j.LocalContainerEntityManagerFactoryBean : Initialized JPA EntityManagerFactory for persistence unit 'default'
2025-12-01T21:13:51.885+01:00  WARN 13965 --- [MySpringBoot] [           main] JpaBaseConfiguration$JpaWebConfiguration : spring.jpa.open-in-view is enabled by default. Therefore, database queries may be performed during view rendering. Explicitly configure spring.jpa.open-in-view to disable this warning
2025-12-01T21:13:51.933+01:00  INFO 13965 --- [MySpringBoot] [           main] o.s.b.a.w.s.WelcomePageHandlerMapping    : Adding welcome page template: index
2025-12-01T21:13:52.034+01:00 DEBUG 13965 --- [MySpringBoot] [           main] s.w.s.m.m.a.RequestMappingHandlerMapping : 12 mappings in 'requestMappingHandlerMapping'
2025-12-01T21:13:52.150+01:00 DEBUG 13965 --- [MySpringBoot] [           main] o.s.w.s.handler.SimpleUrlHandlerMapping  : Patterns [/webjars/**, /**] in 'resourceHandlerMapping'
2025-12-01T21:13:52.183+01:00  WARN 13965 --- [MySpringBoot] [           main] o.s.security.core.userdetails.User       : User.withDefaultPasswordEncoder() is considered unsafe for production and is only intended for sample applications.
2025-12-01T21:13:52.296+01:00  INFO 13965 --- [MySpringBoot] [           main] r$InitializeUserDetailsManagerConfigurer : Global AuthenticationManager configured with UserDetailsService bean with name userDetailsService
2025-12-01T21:13:52.496+01:00 DEBUG 13965 --- [MySpringBoot] [           main] s.w.s.m.m.a.RequestMappingHandlerAdapter : ControllerAdvice beans: 0 @ModelAttribute, 0 @InitBinder, 1 RequestBodyAdvice, 1 ResponseBodyAdvice
2025-12-01T21:13:52.642+01:00 DEBUG 13965 --- [MySpringBoot] [           main] .m.m.a.ExceptionHandlerExceptionResolver : ControllerAdvice beans: 0 @ExceptionHandler, 1 ResponseBodyAdvice
2025-12-01T21:13:52.690+01:00  INFO 13965 --- [MySpringBoot] [           main] o.s.b.a.h2.H2ConsoleAutoConfiguration    : H2 console available at '/h2-console'. Database available at 'jdbc:h2:mem:testdb'
2025-12-01T21:13:52.788+01:00  INFO 13965 --- [MySpringBoot] [           main] o.s.b.w.embedded.tomcat.TomcatWebServer  : Tomcat started on port 8080 (http) with context path '/'
2025-12-01T21:13:52.809+01:00  INFO 13965 --- [MySpringBoot] [           main] c.s.m.MySpringBootApplication            : Started MySpringBootApplication in 5.791 seconds (process running for 6.438)
2025-12-01T21:14:42.114+01:00  INFO 13965 --- [MySpringBoot] [nio-8080-exec-1] o.a.c.c.C.[Tomcat].[localhost].[/]       : Initializing Spring DispatcherServlet 'dispatcherServlet'
2025-12-01T21:14:42.114+01:00  INFO 13965 --- [MySpringBoot] [nio-8080-exec-1] o.s.web.servlet.DispatcherServlet        : Initializing Servlet 'dispatcherServlet'
2025-12-01T21:14:42.114+01:00 DEBUG 13965 --- [MySpringBoot] [nio-8080-exec-1] o.s.web.servlet.DispatcherServlet        : Detected StandardServletMultipartResolver
2025-12-01T21:14:42.114+01:00 DEBUG 13965 --- [MySpringBoot] [nio-8080-exec-1] o.s.web.servlet.DispatcherServlet        : Detected AcceptHeaderLocaleResolver
2025-12-01T21:14:42.115+01:00 DEBUG 13965 --- [MySpringBoot] [nio-8080-exec-1] o.s.web.servlet.DispatcherServlet        : Detected FixedThemeResolver
2025-12-01T21:14:42.116+01:00 DEBUG 13965 --- [MySpringBoot] [nio-8080-exec-1] o.s.web.servlet.DispatcherServlet        : Detected org.springframework.web.servlet.view.DefaultRequestToViewNameTranslator@516370c1
2025-12-01T21:14:42.118+01:00 DEBUG 13965 --- [MySpringBoot] [nio-8080-exec-1] o.s.web.servlet.DispatcherServlet        : Detected org.springframework.web.servlet.support.SessionFlashMapManager@5ab1107d
2025-12-01T21:14:42.119+01:00 DEBUG 13965 --- [MySpringBoot] [nio-8080-exec-1] o.s.web.servlet.DispatcherServlet        : enableLoggingRequestDetails='false': request parameters and headers will be masked to prevent unsafe logging of potentially sensitive data
2025-12-01T21:14:42.119+01:00  INFO 13965 --- [MySpringBoot] [nio-8080-exec-1] o.s.web.servlet.DispatcherServlet        : Completed initialization in 5 ms
2025-12-01T21:14:42.162+01:00 DEBUG 13965 --- [MySpringBoot] [nio-8080-exec-1] o.s.web.servlet.DispatcherServlet        : GET "/admin/send-test-mail?to=no-reply@mystudyhub.click", parameters={masked}
2025-12-01T21:14:42.165+01:00 DEBUG 13965 --- [MySpringBoot] [nio-8080-exec-1] s.w.s.m.m.a.RequestMappingHandlerMapping : Mapped to com.student.myspringboot.controller.TestMailController#sendTestMail(String)
2025-12-01T21:14:43.781+01:00 DEBUG 13965 --- [MySpringBoot] [nio-8080-exec-1] m.m.a.RequestResponseBodyMethodProcessor : Using 'text/plain', given [*/*] and supported [text/plain, */*, application/json, application/*+json]
2025-12-01T21:14:43.783+01:00 DEBUG 13965 --- [MySpringBoot] [nio-8080-exec-1] m.m.a.RequestResponseBodyMethodProcessor : Writing ["ERROR: Authentication failed"]
2025-12-01T21:14:43.791+01:00 DEBUG 13965 --- [MySpringBoot] [nio-8080-exec-1] o.s.web.servlet.DispatcherServlet        : Completed 200 OK
2025-12-01T21:16:11.996+01:00 DEBUG 13965 --- [MySpringBoot] [nio-8080-exec-2] o.s.web.servlet.DispatcherServlet        : GET "/admin/send-test-mail?to=you@yourdomain.com", parameters={masked}
2025-12-01T21:16:11.997+01:00 DEBUG 13965 --- [MySpringBoot] [nio-8080-exec-2] s.w.s.m.m.a.RequestMappingHandlerMapping : Mapped to com.student.myspringboot.controller.TestMailController#sendTestMail(String)
2025-12-01T21:16:12.765+01:00 DEBUG 13965 --- [MySpringBoot] [nio-8080-exec-2] m.m.a.RequestResponseBodyMethodProcessor : Using 'text/plain', given [*/*] and supported [text/plain, */*, application/json, application/*+json]
2025-12-01T21:16:12.765+01:00 DEBUG 13965 --- [MySpringBoot] [nio-8080-exec-2] m.m.a.RequestResponseBodyMethodProcessor : Writing ["ERROR: Authentication failed"]
2025-12-01T21:16:12.766+01:00 DEBUG 13965 --- [MySpringBoot] [nio-8080-exec-2] o.s.web.servlet.DispatcherServlet        : Completed 200 OK
2025-12-01T21:16:16.939+01:00 DEBUG 13965 --- [MySpringBoot] [nio-8080-exec-3] o.s.web.servlet.DispatcherServlet        : GET "/admin/send-test-mail?to=you@yourdomain.com", parameters={masked}
2025-12-01T21:16:16.939+01:00 DEBUG 13965 --- [MySpringBoot] [nio-8080-exec-3] s.w.s.m.m.a.RequestMappingHandlerMapping : Mapped to com.student.myspringboot.controller.TestMailController#sendTestMail(String)
2025-12-01T21:16:17.608+01:00 DEBUG 13965 --- [MySpringBoot] [nio-8080-exec-3] m.m.a.RequestResponseBodyMethodProcessor : Using 'text/plain', given [*/*] and supported [text/plain, */*, application/json, application/*+json]
2025-12-01T21:16:17.609+01:00 DEBUG 13965 --- [MySpringBoot] [nio-8080-exec-3] m.m.a.RequestResponseBodyMethodProcessor : Writing ["ERROR: Authentication failed"]
2025-12-01T21:16:17.609+01:00 DEBUG 13965 --- [MySpringBoot] [nio-8080-exec-3] o.s.web.servlet.DispatcherServlet        : Completed 200 OK
Exception in thread "SpringApplicationShutdownHook" java.lang.NoClassDefFoundError: ch/qos/logback/classic/spi/ThrowableProxy
	at ch.qos.logback.classic.spi.LoggingEvent.<init>(LoggingEvent.java:145)
	at ch.qos.logback.classic.Logger.buildLoggingEventAndAppend(Logger.java:424)
	at ch.qos.logback.classic.Logger.filterAndLog_0_Or3Plus(Logger.java:386)
	at ch.qos.logback.classic.Logger.log(Logger.java:780)
	at org.apache.commons.logging.LogAdapter$Slf4jLocationAwareLog.warn(LogAdapter.java:445)
	at org.springframework.context.support.AbstractApplicationContext.doClose(AbstractApplicationContext.java:1178)
	at org.springframework.boot.web.servlet.context.ServletWebServerApplicationContext.doClose(ServletWebServerApplicationContext.java:179)
	at org.springframework.context.support.AbstractApplicationContext.close(AbstractApplicationContext.java:1129)
	at org.springframework.boot.SpringApplicationShutdownHook.closeAndWait(SpringApplicationShutdownHook.java:147)
	at java.base/java.lang.Iterable.forEach(Iterable.java:75)
	at org.springframework.boot.SpringApplicationShutdownHook.run(SpringApplicationShutdownHook.java:116)
	at java.base/java.lang.Thread.run(Thread.java:1583)
Caused by: java.lang.ClassNotFoundException: ch.qos.logback.classic.spi.ThrowableProxy
	... 12 more
